Threshold: 16

CONFIGURATION:
- Graph file: ../../../datasets/DIMACS10/coPapersCiteseer.graph
- Graph format: 1
- Solution: 2
Source node is: 1
Read data:		8.870172
Node no: 434102
Edge no: 32073440
AdjList to CSR:		5.548120
CUDA runtime initialization:		0.331865
CUDA cudaMalloc:		0.000864
CUDA H2D cudaMemcpy:		0.084682
CUDA kernel execution:		0.064992
CUDA D2H cudaMemcpy:		0.001111
Threshold: 32

CONFIGURATION:
- Graph file: ../../../datasets/DIMACS10/coPapersCiteseer.graph
- Graph format: 1
- Solution: 2
Source node is: 1
Read data:		8.874977
Node no: 434102
Edge no: 32073440
AdjList to CSR:		5.553555
CUDA runtime initialization:		0.321342
CUDA cudaMalloc:		0.000862
CUDA H2D cudaMemcpy:		0.082223
CUDA kernel execution:		0.061855
CUDA D2H cudaMemcpy:		0.000757
Threshold: 64

CONFIGURATION:
- Graph file: ../../../datasets/DIMACS10/coPapersCiteseer.graph
- Graph format: 1
- Solution: 2
Source node is: 1
Read data:		8.869791
Node no: 434102
Edge no: 32073440
AdjList to CSR:		5.537232
CUDA runtime initialization:		0.320644
CUDA cudaMalloc:		0.000856
CUDA H2D cudaMemcpy:		0.082223
CUDA kernel execution:		0.076627
CUDA D2H cudaMemcpy:		0.000764
Threshold: 128

CONFIGURATION:
- Graph file: ../../../datasets/DIMACS10/coPapersCiteseer.graph
- Graph format: 1
- Solution: 2
Source node is: 1
Read data:		8.864856
Node no: 434102
Edge no: 32073440
AdjList to CSR:		5.554254
CUDA runtime initialization:		0.330407
CUDA cudaMalloc:		0.000864
CUDA H2D cudaMemcpy:		0.082084
CUDA kernel execution:		0.126771
CUDA D2H cudaMemcpy:		0.000757
Threshold: 256

CONFIGURATION:
- Graph file: ../../../datasets/DIMACS10/coPapersCiteseer.graph
- Graph format: 1
- Solution: 2
Source node is: 1
Read data:		8.866025
Node no: 434102
Edge no: 32073440
AdjList to CSR:		5.561823
CUDA runtime initialization:		0.330542
CUDA cudaMalloc:		0.000862
CUDA H2D cudaMemcpy:		0.082139
CUDA kernel execution:		0.222911
CUDA D2H cudaMemcpy:		0.000751
Threshold: 512

CONFIGURATION:
- Graph file: ../../../datasets/DIMACS10/coPapersCiteseer.graph
- Graph format: 1
- Solution: 2
Source node is: 1
Read data:		8.901094
Node no: 434102
Edge no: 32073440
AdjList to CSR:		5.550897
CUDA runtime initialization:		0.330387
CUDA cudaMalloc:		0.000860
CUDA H2D cudaMemcpy:		0.082321
CUDA kernel execution:		0.297535
CUDA D2H cudaMemcpy:		0.000760
Threshold: 1024

CONFIGURATION:
- Graph file: ../../../datasets/DIMACS10/coPapersCiteseer.graph
- Graph format: 1
- Solution: 2
Source node is: 1
Read data:		8.873661
Node no: 434102
Edge no: 32073440
AdjList to CSR:		5.545812
CUDA runtime initialization:		0.322370
CUDA cudaMalloc:		0.000853
CUDA H2D cudaMemcpy:		0.084913
CUDA kernel execution:		0.332380
CUDA D2H cudaMemcpy:		0.001112
